[2026-02-11T07:31:06.395+0000] {processor.py:161} INFO - Started process (PID=235) to work on /opt/airflow/dags/fakeddit_pipeline.py
[2026-02-11T07:31:06.396+0000] {processor.py:830} INFO - Processing file /opt/airflow/dags/fakeddit_pipeline.py for tasks to queue
[2026-02-11T07:31:06.396+0000] {logging_mixin.py:188} INFO - [2026-02-11T07:31:06.396+0000] {dagbag.py:538} INFO - Filling up the DagBag from /opt/airflow/dags/fakeddit_pipeline.py
[2026-02-11T07:31:06.402+0000] {processor.py:840} INFO - DAG(s) 'fakeddit_pipeline' retrieved from /opt/airflow/dags/fakeddit_pipeline.py
[2026-02-11T07:31:06.418+0000] {logging_mixin.py:188} INFO - [2026-02-11T07:31:06.418+0000] {dag.py:3036} INFO - Sync 1 DAGs
[2026-02-11T07:31:06.425+0000] {logging_mixin.py:188} INFO - [2026-02-11T07:31:06.425+0000] {dag.py:3823} INFO - Setting next_dagrun for fakeddit_pipeline to None, run_after=None
[2026-02-11T07:31:06.435+0000] {processor.py:183} INFO - Processing /opt/airflow/dags/fakeddit_pipeline.py took 0.042 seconds
[2026-02-11T07:31:36.523+0000] {processor.py:161} INFO - Started process (PID=277) to work on /opt/airflow/dags/fakeddit_pipeline.py
[2026-02-11T07:31:36.523+0000] {processor.py:830} INFO - Processing file /opt/airflow/dags/fakeddit_pipeline.py for tasks to queue
[2026-02-11T07:31:36.524+0000] {logging_mixin.py:188} INFO - [2026-02-11T07:31:36.524+0000] {dagbag.py:538} INFO - Filling up the DagBag from /opt/airflow/dags/fakeddit_pipeline.py
[2026-02-11T07:31:36.529+0000] {processor.py:840} INFO - DAG(s) 'fakeddit_pipeline' retrieved from /opt/airflow/dags/fakeddit_pipeline.py
[2026-02-11T07:31:36.586+0000] {logging_mixin.py:188} INFO - [2026-02-11T07:31:36.585+0000] {dag.py:3036} INFO - Sync 1 DAGs
[2026-02-11T07:31:36.591+0000] {logging_mixin.py:188} INFO - [2026-02-11T07:31:36.591+0000] {dag.py:3823} INFO - Setting next_dagrun for fakeddit_pipeline to None, run_after=None
[2026-02-11T07:31:36.600+0000] {processor.py:183} INFO - Processing /opt/airflow/dags/fakeddit_pipeline.py took 0.079 seconds
[2026-02-11T07:32:06.631+0000] {processor.py:161} INFO - Started process (PID=282) to work on /opt/airflow/dags/fakeddit_pipeline.py
[2026-02-11T07:32:06.631+0000] {processor.py:830} INFO - Processing file /opt/airflow/dags/fakeddit_pipeline.py for tasks to queue
[2026-02-11T07:32:06.632+0000] {logging_mixin.py:188} INFO - [2026-02-11T07:32:06.631+0000] {dagbag.py:538} INFO - Filling up the DagBag from /opt/airflow/dags/fakeddit_pipeline.py
[2026-02-11T07:32:06.641+0000] {processor.py:840} INFO - DAG(s) 'fakeddit_pipeline' retrieved from /opt/airflow/dags/fakeddit_pipeline.py
[2026-02-11T07:32:06.662+0000] {logging_mixin.py:188} INFO - [2026-02-11T07:32:06.662+0000] {dag.py:3036} INFO - Sync 1 DAGs
[2026-02-11T07:32:06.668+0000] {logging_mixin.py:188} INFO - [2026-02-11T07:32:06.668+0000] {dag.py:3823} INFO - Setting next_dagrun for fakeddit_pipeline to None, run_after=None
[2026-02-11T07:32:06.679+0000] {processor.py:183} INFO - Processing /opt/airflow/dags/fakeddit_pipeline.py took 0.050 seconds
[2026-02-11T07:32:36.804+0000] {processor.py:161} INFO - Started process (PID=287) to work on /opt/airflow/dags/fakeddit_pipeline.py
[2026-02-11T07:32:36.805+0000] {processor.py:830} INFO - Processing file /opt/airflow/dags/fakeddit_pipeline.py for tasks to queue
[2026-02-11T07:32:36.805+0000] {logging_mixin.py:188} INFO - [2026-02-11T07:32:36.805+0000] {dagbag.py:538} INFO - Filling up the DagBag from /opt/airflow/dags/fakeddit_pipeline.py
[2026-02-11T07:32:36.812+0000] {processor.py:840} INFO - DAG(s) 'fakeddit_pipeline' retrieved from /opt/airflow/dags/fakeddit_pipeline.py
[2026-02-11T07:32:36.825+0000] {logging_mixin.py:188} INFO - [2026-02-11T07:32:36.825+0000] {dag.py:3036} INFO - Sync 1 DAGs
[2026-02-11T07:32:36.832+0000] {logging_mixin.py:188} INFO - [2026-02-11T07:32:36.832+0000] {dag.py:3823} INFO - Setting next_dagrun for fakeddit_pipeline to None, run_after=None
[2026-02-11T07:32:36.842+0000] {processor.py:183} INFO - Processing /opt/airflow/dags/fakeddit_pipeline.py took 0.039 seconds
[2026-02-11T07:33:06.915+0000] {processor.py:161} INFO - Started process (PID=292) to work on /opt/airflow/dags/fakeddit_pipeline.py
[2026-02-11T07:33:06.916+0000] {processor.py:830} INFO - Processing file /opt/airflow/dags/fakeddit_pipeline.py for tasks to queue
[2026-02-11T07:33:06.917+0000] {logging_mixin.py:188} INFO - [2026-02-11T07:33:06.916+0000] {dagbag.py:538} INFO - Filling up the DagBag from /opt/airflow/dags/fakeddit_pipeline.py
[2026-02-11T07:33:06.922+0000] {processor.py:840} INFO - DAG(s) 'fakeddit_pipeline' retrieved from /opt/airflow/dags/fakeddit_pipeline.py
[2026-02-11T07:33:06.937+0000] {logging_mixin.py:188} INFO - [2026-02-11T07:33:06.936+0000] {dag.py:3036} INFO - Sync 1 DAGs
[2026-02-11T07:33:06.943+0000] {logging_mixin.py:188} INFO - [2026-02-11T07:33:06.943+0000] {dag.py:3823} INFO - Setting next_dagrun for fakeddit_pipeline to None, run_after=None
[2026-02-11T07:33:06.953+0000] {processor.py:183} INFO - Processing /opt/airflow/dags/fakeddit_pipeline.py took 0.039 seconds
[2026-02-11T07:33:37.033+0000] {processor.py:161} INFO - Started process (PID=297) to work on /opt/airflow/dags/fakeddit_pipeline.py
[2026-02-11T07:33:37.034+0000] {processor.py:830} INFO - Processing file /opt/airflow/dags/fakeddit_pipeline.py for tasks to queue
[2026-02-11T07:33:37.034+0000] {logging_mixin.py:188} INFO - [2026-02-11T07:33:37.034+0000] {dagbag.py:538} INFO - Filling up the DagBag from /opt/airflow/dags/fakeddit_pipeline.py
[2026-02-11T07:33:37.040+0000] {processor.py:840} INFO - DAG(s) 'fakeddit_pipeline' retrieved from /opt/airflow/dags/fakeddit_pipeline.py
[2026-02-11T07:33:37.053+0000] {logging_mixin.py:188} INFO - [2026-02-11T07:33:37.053+0000] {dag.py:3036} INFO - Sync 1 DAGs
[2026-02-11T07:33:37.060+0000] {logging_mixin.py:188} INFO - [2026-02-11T07:33:37.060+0000] {dag.py:3823} INFO - Setting next_dagrun for fakeddit_pipeline to None, run_after=None
[2026-02-11T07:33:37.070+0000] {processor.py:183} INFO - Processing /opt/airflow/dags/fakeddit_pipeline.py took 0.039 seconds
[2026-02-11T07:34:07.152+0000] {processor.py:161} INFO - Started process (PID=302) to work on /opt/airflow/dags/fakeddit_pipeline.py
[2026-02-11T07:34:07.153+0000] {processor.py:830} INFO - Processing file /opt/airflow/dags/fakeddit_pipeline.py for tasks to queue
[2026-02-11T07:34:07.154+0000] {logging_mixin.py:188} INFO - [2026-02-11T07:34:07.153+0000] {dagbag.py:538} INFO - Filling up the DagBag from /opt/airflow/dags/fakeddit_pipeline.py
[2026-02-11T07:34:07.159+0000] {processor.py:840} INFO - DAG(s) 'fakeddit_pipeline' retrieved from /opt/airflow/dags/fakeddit_pipeline.py
[2026-02-11T07:34:07.172+0000] {logging_mixin.py:188} INFO - [2026-02-11T07:34:07.172+0000] {dag.py:3036} INFO - Sync 1 DAGs
[2026-02-11T07:34:07.178+0000] {logging_mixin.py:188} INFO - [2026-02-11T07:34:07.178+0000] {dag.py:3823} INFO - Setting next_dagrun for fakeddit_pipeline to None, run_after=None
[2026-02-11T07:34:07.189+0000] {processor.py:183} INFO - Processing /opt/airflow/dags/fakeddit_pipeline.py took 0.038 seconds
[2026-02-11T07:34:37.265+0000] {processor.py:161} INFO - Started process (PID=307) to work on /opt/airflow/dags/fakeddit_pipeline.py
[2026-02-11T07:34:37.266+0000] {processor.py:830} INFO - Processing file /opt/airflow/dags/fakeddit_pipeline.py for tasks to queue
[2026-02-11T07:34:37.267+0000] {logging_mixin.py:188} INFO - [2026-02-11T07:34:37.267+0000] {dagbag.py:538} INFO - Filling up the DagBag from /opt/airflow/dags/fakeddit_pipeline.py
[2026-02-11T07:34:37.272+0000] {processor.py:840} INFO - DAG(s) 'fakeddit_pipeline' retrieved from /opt/airflow/dags/fakeddit_pipeline.py
[2026-02-11T07:34:37.289+0000] {logging_mixin.py:188} INFO - [2026-02-11T07:34:37.289+0000] {dag.py:3036} INFO - Sync 1 DAGs
[2026-02-11T07:34:37.297+0000] {logging_mixin.py:188} INFO - [2026-02-11T07:34:37.297+0000] {dag.py:3823} INFO - Setting next_dagrun for fakeddit_pipeline to None, run_after=None
[2026-02-11T07:34:37.312+0000] {processor.py:183} INFO - Processing /opt/airflow/dags/fakeddit_pipeline.py took 0.048 seconds
[2026-02-11T07:35:07.381+0000] {processor.py:161} INFO - Started process (PID=312) to work on /opt/airflow/dags/fakeddit_pipeline.py
[2026-02-11T07:35:07.381+0000] {processor.py:830} INFO - Processing file /opt/airflow/dags/fakeddit_pipeline.py for tasks to queue
[2026-02-11T07:35:07.382+0000] {logging_mixin.py:188} INFO - [2026-02-11T07:35:07.382+0000] {dagbag.py:538} INFO - Filling up the DagBag from /opt/airflow/dags/fakeddit_pipeline.py
[2026-02-11T07:35:07.388+0000] {processor.py:840} INFO - DAG(s) 'fakeddit_pipeline' retrieved from /opt/airflow/dags/fakeddit_pipeline.py
[2026-02-11T07:35:07.404+0000] {logging_mixin.py:188} INFO - [2026-02-11T07:35:07.404+0000] {dag.py:3036} INFO - Sync 1 DAGs
[2026-02-11T07:35:07.412+0000] {logging_mixin.py:188} INFO - [2026-02-11T07:35:07.412+0000] {dag.py:3823} INFO - Setting next_dagrun for fakeddit_pipeline to None, run_after=None
[2026-02-11T07:35:07.423+0000] {processor.py:183} INFO - Processing /opt/airflow/dags/fakeddit_pipeline.py took 0.044 seconds
[2026-02-11T07:35:37.504+0000] {processor.py:161} INFO - Started process (PID=317) to work on /opt/airflow/dags/fakeddit_pipeline.py
[2026-02-11T07:35:37.504+0000] {processor.py:830} INFO - Processing file /opt/airflow/dags/fakeddit_pipeline.py for tasks to queue
[2026-02-11T07:35:37.505+0000] {logging_mixin.py:188} INFO - [2026-02-11T07:35:37.505+0000] {dagbag.py:538} INFO - Filling up the DagBag from /opt/airflow/dags/fakeddit_pipeline.py
[2026-02-11T07:35:37.511+0000] {processor.py:840} INFO - DAG(s) 'fakeddit_pipeline' retrieved from /opt/airflow/dags/fakeddit_pipeline.py
[2026-02-11T07:35:37.524+0000] {logging_mixin.py:188} INFO - [2026-02-11T07:35:37.524+0000] {dag.py:3036} INFO - Sync 1 DAGs
[2026-02-11T07:35:37.531+0000] {logging_mixin.py:188} INFO - [2026-02-11T07:35:37.531+0000] {dag.py:3823} INFO - Setting next_dagrun for fakeddit_pipeline to None, run_after=None
[2026-02-11T07:35:37.541+0000] {processor.py:183} INFO - Processing /opt/airflow/dags/fakeddit_pipeline.py took 0.039 seconds
[2026-02-11T07:36:07.629+0000] {processor.py:161} INFO - Started process (PID=322) to work on /opt/airflow/dags/fakeddit_pipeline.py
[2026-02-11T07:36:07.629+0000] {processor.py:830} INFO - Processing file /opt/airflow/dags/fakeddit_pipeline.py for tasks to queue
[2026-02-11T07:36:07.629+0000] {logging_mixin.py:188} INFO - [2026-02-11T07:36:07.629+0000] {dagbag.py:538} INFO - Filling up the DagBag from /opt/airflow/dags/fakeddit_pipeline.py
[2026-02-11T07:36:07.635+0000] {processor.py:840} INFO - DAG(s) 'fakeddit_pipeline' retrieved from /opt/airflow/dags/fakeddit_pipeline.py
[2026-02-11T07:36:07.649+0000] {logging_mixin.py:188} INFO - [2026-02-11T07:36:07.649+0000] {dag.py:3036} INFO - Sync 1 DAGs
[2026-02-11T07:36:07.656+0000] {logging_mixin.py:188} INFO - [2026-02-11T07:36:07.656+0000] {dag.py:3823} INFO - Setting next_dagrun for fakeddit_pipeline to None, run_after=None
[2026-02-11T07:36:07.667+0000] {processor.py:183} INFO - Processing /opt/airflow/dags/fakeddit_pipeline.py took 0.040 seconds
[2026-02-11T07:36:37.746+0000] {processor.py:161} INFO - Started process (PID=330) to work on /opt/airflow/dags/fakeddit_pipeline.py
[2026-02-11T07:36:37.747+0000] {processor.py:830} INFO - Processing file /opt/airflow/dags/fakeddit_pipeline.py for tasks to queue
[2026-02-11T07:36:37.748+0000] {logging_mixin.py:188} INFO - [2026-02-11T07:36:37.748+0000] {dagbag.py:538} INFO - Filling up the DagBag from /opt/airflow/dags/fakeddit_pipeline.py
[2026-02-11T07:36:37.753+0000] {processor.py:840} INFO - DAG(s) 'fakeddit_pipeline' retrieved from /opt/airflow/dags/fakeddit_pipeline.py
[2026-02-11T07:36:37.768+0000] {logging_mixin.py:188} INFO - [2026-02-11T07:36:37.768+0000] {dag.py:3036} INFO - Sync 1 DAGs
[2026-02-11T07:36:37.774+0000] {logging_mixin.py:188} INFO - [2026-02-11T07:36:37.774+0000] {dag.py:3823} INFO - Setting next_dagrun for fakeddit_pipeline to None, run_after=None
[2026-02-11T07:36:37.785+0000] {processor.py:183} INFO - Processing /opt/airflow/dags/fakeddit_pipeline.py took 0.041 seconds
[2026-02-11T07:37:07.867+0000] {processor.py:161} INFO - Started process (PID=335) to work on /opt/airflow/dags/fakeddit_pipeline.py
[2026-02-11T07:37:07.868+0000] {processor.py:830} INFO - Processing file /opt/airflow/dags/fakeddit_pipeline.py for tasks to queue
[2026-02-11T07:37:07.868+0000] {logging_mixin.py:188} INFO - [2026-02-11T07:37:07.868+0000] {dagbag.py:538} INFO - Filling up the DagBag from /opt/airflow/dags/fakeddit_pipeline.py
[2026-02-11T07:37:07.874+0000] {processor.py:840} INFO - DAG(s) 'fakeddit_pipeline' retrieved from /opt/airflow/dags/fakeddit_pipeline.py
[2026-02-11T07:37:07.887+0000] {logging_mixin.py:188} INFO - [2026-02-11T07:37:07.887+0000] {dag.py:3036} INFO - Sync 1 DAGs
[2026-02-11T07:37:07.893+0000] {logging_mixin.py:188} INFO - [2026-02-11T07:37:07.893+0000] {dag.py:3823} INFO - Setting next_dagrun for fakeddit_pipeline to None, run_after=None
[2026-02-11T07:37:07.903+0000] {processor.py:183} INFO - Processing /opt/airflow/dags/fakeddit_pipeline.py took 0.037 seconds
[2026-02-11T07:37:37.977+0000] {processor.py:161} INFO - Started process (PID=340) to work on /opt/airflow/dags/fakeddit_pipeline.py
[2026-02-11T07:37:37.978+0000] {processor.py:830} INFO - Processing file /opt/airflow/dags/fakeddit_pipeline.py for tasks to queue
[2026-02-11T07:37:37.979+0000] {logging_mixin.py:188} INFO - [2026-02-11T07:37:37.979+0000] {dagbag.py:538} INFO - Filling up the DagBag from /opt/airflow/dags/fakeddit_pipeline.py
[2026-02-11T07:37:37.985+0000] {processor.py:840} INFO - DAG(s) 'fakeddit_pipeline' retrieved from /opt/airflow/dags/fakeddit_pipeline.py
[2026-02-11T07:37:37.999+0000] {logging_mixin.py:188} INFO - [2026-02-11T07:37:37.999+0000] {dag.py:3036} INFO - Sync 1 DAGs
[2026-02-11T07:37:38.006+0000] {logging_mixin.py:188} INFO - [2026-02-11T07:37:38.006+0000] {dag.py:3823} INFO - Setting next_dagrun for fakeddit_pipeline to None, run_after=None
[2026-02-11T07:37:38.017+0000] {processor.py:183} INFO - Processing /opt/airflow/dags/fakeddit_pipeline.py took 0.041 seconds
[2026-02-11T07:38:08.102+0000] {processor.py:161} INFO - Started process (PID=345) to work on /opt/airflow/dags/fakeddit_pipeline.py
[2026-02-11T07:38:08.103+0000] {processor.py:830} INFO - Processing file /opt/airflow/dags/fakeddit_pipeline.py for tasks to queue
[2026-02-11T07:38:08.104+0000] {logging_mixin.py:188} INFO - [2026-02-11T07:38:08.104+0000] {dagbag.py:538} INFO - Filling up the DagBag from /opt/airflow/dags/fakeddit_pipeline.py
[2026-02-11T07:38:08.109+0000] {processor.py:840} INFO - DAG(s) 'fakeddit_pipeline' retrieved from /opt/airflow/dags/fakeddit_pipeline.py
[2026-02-11T07:38:08.124+0000] {logging_mixin.py:188} INFO - [2026-02-11T07:38:08.123+0000] {dag.py:3036} INFO - Sync 1 DAGs
[2026-02-11T07:38:08.130+0000] {logging_mixin.py:188} INFO - [2026-02-11T07:38:08.130+0000] {dag.py:3823} INFO - Setting next_dagrun for fakeddit_pipeline to None, run_after=None
[2026-02-11T07:38:08.140+0000] {processor.py:183} INFO - Processing /opt/airflow/dags/fakeddit_pipeline.py took 0.040 seconds
[2026-02-11T07:38:38.214+0000] {processor.py:161} INFO - Started process (PID=350) to work on /opt/airflow/dags/fakeddit_pipeline.py
[2026-02-11T07:38:38.215+0000] {processor.py:830} INFO - Processing file /opt/airflow/dags/fakeddit_pipeline.py for tasks to queue
[2026-02-11T07:38:38.215+0000] {logging_mixin.py:188} INFO - [2026-02-11T07:38:38.215+0000] {dagbag.py:538} INFO - Filling up the DagBag from /opt/airflow/dags/fakeddit_pipeline.py
[2026-02-11T07:38:38.221+0000] {processor.py:840} INFO - DAG(s) 'fakeddit_pipeline' retrieved from /opt/airflow/dags/fakeddit_pipeline.py
[2026-02-11T07:38:38.234+0000] {logging_mixin.py:188} INFO - [2026-02-11T07:38:38.234+0000] {dag.py:3036} INFO - Sync 1 DAGs
[2026-02-11T07:38:38.241+0000] {logging_mixin.py:188} INFO - [2026-02-11T07:38:38.241+0000] {dag.py:3823} INFO - Setting next_dagrun for fakeddit_pipeline to None, run_after=None
[2026-02-11T07:38:38.251+0000] {processor.py:183} INFO - Processing /opt/airflow/dags/fakeddit_pipeline.py took 0.039 seconds
[2026-02-11T07:39:08.328+0000] {processor.py:161} INFO - Started process (PID=355) to work on /opt/airflow/dags/fakeddit_pipeline.py
[2026-02-11T07:39:08.329+0000] {processor.py:830} INFO - Processing file /opt/airflow/dags/fakeddit_pipeline.py for tasks to queue
[2026-02-11T07:39:08.329+0000] {logging_mixin.py:188} INFO - [2026-02-11T07:39:08.329+0000] {dagbag.py:538} INFO - Filling up the DagBag from /opt/airflow/dags/fakeddit_pipeline.py
[2026-02-11T07:39:08.334+0000] {processor.py:840} INFO - DAG(s) 'fakeddit_pipeline' retrieved from /opt/airflow/dags/fakeddit_pipeline.py
[2026-02-11T07:39:08.347+0000] {logging_mixin.py:188} INFO - [2026-02-11T07:39:08.347+0000] {dag.py:3036} INFO - Sync 1 DAGs
[2026-02-11T07:39:08.354+0000] {logging_mixin.py:188} INFO - [2026-02-11T07:39:08.354+0000] {dag.py:3823} INFO - Setting next_dagrun for fakeddit_pipeline to None, run_after=None
[2026-02-11T07:39:08.364+0000] {processor.py:183} INFO - Processing /opt/airflow/dags/fakeddit_pipeline.py took 0.038 seconds
[2026-02-11T07:39:38.447+0000] {processor.py:161} INFO - Started process (PID=360) to work on /opt/airflow/dags/fakeddit_pipeline.py
[2026-02-11T07:39:38.447+0000] {processor.py:830} INFO - Processing file /opt/airflow/dags/fakeddit_pipeline.py for tasks to queue
[2026-02-11T07:39:38.447+0000] {logging_mixin.py:188} INFO - [2026-02-11T07:39:38.447+0000] {dagbag.py:538} INFO - Filling up the DagBag from /opt/airflow/dags/fakeddit_pipeline.py
[2026-02-11T07:39:38.453+0000] {processor.py:840} INFO - DAG(s) 'fakeddit_pipeline' retrieved from /opt/airflow/dags/fakeddit_pipeline.py
[2026-02-11T07:39:38.467+0000] {logging_mixin.py:188} INFO - [2026-02-11T07:39:38.467+0000] {dag.py:3036} INFO - Sync 1 DAGs
[2026-02-11T07:39:38.473+0000] {logging_mixin.py:188} INFO - [2026-02-11T07:39:38.473+0000] {dag.py:3823} INFO - Setting next_dagrun for fakeddit_pipeline to None, run_after=None
[2026-02-11T07:39:38.483+0000] {processor.py:183} INFO - Processing /opt/airflow/dags/fakeddit_pipeline.py took 0.038 seconds
[2026-02-11T07:40:08.567+0000] {processor.py:161} INFO - Started process (PID=365) to work on /opt/airflow/dags/fakeddit_pipeline.py
[2026-02-11T07:40:08.568+0000] {processor.py:830} INFO - Processing file /opt/airflow/dags/fakeddit_pipeline.py for tasks to queue
[2026-02-11T07:40:08.569+0000] {logging_mixin.py:188} INFO - [2026-02-11T07:40:08.568+0000] {dagbag.py:538} INFO - Filling up the DagBag from /opt/airflow/dags/fakeddit_pipeline.py
[2026-02-11T07:40:08.574+0000] {processor.py:840} INFO - DAG(s) 'fakeddit_pipeline' retrieved from /opt/airflow/dags/fakeddit_pipeline.py
[2026-02-11T07:40:08.588+0000] {logging_mixin.py:188} INFO - [2026-02-11T07:40:08.588+0000] {dag.py:3036} INFO - Sync 1 DAGs
[2026-02-11T07:40:08.595+0000] {logging_mixin.py:188} INFO - [2026-02-11T07:40:08.594+0000] {dag.py:3823} INFO - Setting next_dagrun for fakeddit_pipeline to None, run_after=None
[2026-02-11T07:40:08.606+0000] {processor.py:183} INFO - Processing /opt/airflow/dags/fakeddit_pipeline.py took 0.040 seconds
[2026-02-11T07:40:38.685+0000] {processor.py:161} INFO - Started process (PID=370) to work on /opt/airflow/dags/fakeddit_pipeline.py
[2026-02-11T07:40:38.686+0000] {processor.py:830} INFO - Processing file /opt/airflow/dags/fakeddit_pipeline.py for tasks to queue
[2026-02-11T07:40:38.687+0000] {logging_mixin.py:188} INFO - [2026-02-11T07:40:38.687+0000] {dagbag.py:538} INFO - Filling up the DagBag from /opt/airflow/dags/fakeddit_pipeline.py
[2026-02-11T07:40:38.692+0000] {processor.py:840} INFO - DAG(s) 'fakeddit_pipeline' retrieved from /opt/airflow/dags/fakeddit_pipeline.py
[2026-02-11T07:40:38.706+0000] {logging_mixin.py:188} INFO - [2026-02-11T07:40:38.706+0000] {dag.py:3036} INFO - Sync 1 DAGs
[2026-02-11T07:40:38.713+0000] {logging_mixin.py:188} INFO - [2026-02-11T07:40:38.713+0000] {dag.py:3823} INFO - Setting next_dagrun for fakeddit_pipeline to None, run_after=None
[2026-02-11T07:40:38.723+0000] {processor.py:183} INFO - Processing /opt/airflow/dags/fakeddit_pipeline.py took 0.039 seconds
[2026-02-11T07:41:23.948+0000] {processor.py:161} INFO - Started process (PID=237) to work on /opt/airflow/dags/fakeddit_pipeline.py
[2026-02-11T07:41:23.948+0000] {processor.py:830} INFO - Processing file /opt/airflow/dags/fakeddit_pipeline.py for tasks to queue
[2026-02-11T07:41:23.949+0000] {logging_mixin.py:188} INFO - [2026-02-11T07:41:23.949+0000] {dagbag.py:538} INFO - Filling up the DagBag from /opt/airflow/dags/fakeddit_pipeline.py
[2026-02-11T07:41:23.955+0000] {processor.py:840} INFO - DAG(s) 'fakeddit_pipeline' retrieved from /opt/airflow/dags/fakeddit_pipeline.py
[2026-02-11T07:41:24.032+0000] {logging_mixin.py:188} INFO - [2026-02-11T07:41:24.032+0000] {override.py:1769} INFO - Created Permission View: can read on DAG:fakeddit_pipeline
[2026-02-11T07:41:24.038+0000] {logging_mixin.py:188} INFO - [2026-02-11T07:41:24.038+0000] {override.py:1769} INFO - Created Permission View: can edit on DAG:fakeddit_pipeline
[2026-02-11T07:41:24.042+0000] {logging_mixin.py:188} INFO - [2026-02-11T07:41:24.042+0000] {override.py:1769} INFO - Created Permission View: can delete on DAG:fakeddit_pipeline
[2026-02-11T07:41:24.042+0000] {logging_mixin.py:188} INFO - [2026-02-11T07:41:24.042+0000] {dag.py:3036} INFO - Sync 1 DAGs
[2026-02-11T07:41:24.049+0000] {logging_mixin.py:188} INFO - [2026-02-11T07:41:24.048+0000] {dag.py:3058} INFO - Creating ORM DAG for fakeddit_pipeline
[2026-02-11T07:41:24.049+0000] {logging_mixin.py:188} INFO - [2026-02-11T07:41:24.049+0000] {dag.py:3823} INFO - Setting next_dagrun for fakeddit_pipeline to None, run_after=None
[2026-02-11T07:41:24.059+0000] {processor.py:183} INFO - Processing /opt/airflow/dags/fakeddit_pipeline.py took 0.113 seconds
[2026-02-11T07:41:54.152+0000] {processor.py:161} INFO - Started process (PID=273) to work on /opt/airflow/dags/fakeddit_pipeline.py
[2026-02-11T07:41:54.153+0000] {processor.py:830} INFO - Processing file /opt/airflow/dags/fakeddit_pipeline.py for tasks to queue
[2026-02-11T07:41:54.153+0000] {logging_mixin.py:188} INFO - [2026-02-11T07:41:54.153+0000] {dagbag.py:538} INFO - Filling up the DagBag from /opt/airflow/dags/fakeddit_pipeline.py
[2026-02-11T07:41:54.159+0000] {processor.py:840} INFO - DAG(s) 'fakeddit_pipeline' retrieved from /opt/airflow/dags/fakeddit_pipeline.py
[2026-02-11T07:41:54.174+0000] {logging_mixin.py:188} INFO - [2026-02-11T07:41:54.173+0000] {dag.py:3036} INFO - Sync 1 DAGs
[2026-02-11T07:41:54.181+0000] {logging_mixin.py:188} INFO - [2026-02-11T07:41:54.181+0000] {dag.py:3823} INFO - Setting next_dagrun for fakeddit_pipeline to None, run_after=None
[2026-02-11T07:41:54.190+0000] {processor.py:183} INFO - Processing /opt/airflow/dags/fakeddit_pipeline.py took 0.041 seconds
[2026-02-11T07:42:24.247+0000] {processor.py:161} INFO - Started process (PID=278) to work on /opt/airflow/dags/fakeddit_pipeline.py
[2026-02-11T07:42:24.247+0000] {processor.py:830} INFO - Processing file /opt/airflow/dags/fakeddit_pipeline.py for tasks to queue
[2026-02-11T07:42:24.248+0000] {logging_mixin.py:188} INFO - [2026-02-11T07:42:24.248+0000] {dagbag.py:538} INFO - Filling up the DagBag from /opt/airflow/dags/fakeddit_pipeline.py
[2026-02-11T07:42:24.254+0000] {processor.py:840} INFO - DAG(s) 'fakeddit_pipeline' retrieved from /opt/airflow/dags/fakeddit_pipeline.py
[2026-02-11T07:42:24.269+0000] {logging_mixin.py:188} INFO - [2026-02-11T07:42:24.269+0000] {dag.py:3036} INFO - Sync 1 DAGs
[2026-02-11T07:42:24.276+0000] {logging_mixin.py:188} INFO - [2026-02-11T07:42:24.276+0000] {dag.py:3823} INFO - Setting next_dagrun for fakeddit_pipeline to None, run_after=None
[2026-02-11T07:42:24.285+0000] {processor.py:183} INFO - Processing /opt/airflow/dags/fakeddit_pipeline.py took 0.040 seconds
[2026-02-11T07:42:54.386+0000] {processor.py:161} INFO - Started process (PID=283) to work on /opt/airflow/dags/fakeddit_pipeline.py
[2026-02-11T07:42:54.387+0000] {processor.py:830} INFO - Processing file /opt/airflow/dags/fakeddit_pipeline.py for tasks to queue
[2026-02-11T07:42:54.387+0000] {logging_mixin.py:188} INFO - [2026-02-11T07:42:54.387+0000] {dagbag.py:538} INFO - Filling up the DagBag from /opt/airflow/dags/fakeddit_pipeline.py
[2026-02-11T07:42:54.395+0000] {processor.py:840} INFO - DAG(s) 'fakeddit_pipeline' retrieved from /opt/airflow/dags/fakeddit_pipeline.py
[2026-02-11T07:42:54.413+0000] {logging_mixin.py:188} INFO - [2026-02-11T07:42:54.412+0000] {dag.py:3036} INFO - Sync 1 DAGs
[2026-02-11T07:42:54.419+0000] {logging_mixin.py:188} INFO - [2026-02-11T07:42:54.419+0000] {dag.py:3823} INFO - Setting next_dagrun for fakeddit_pipeline to None, run_after=None
[2026-02-11T07:42:54.428+0000] {processor.py:183} INFO - Processing /opt/airflow/dags/fakeddit_pipeline.py took 0.044 seconds
[2026-02-11T07:43:24.508+0000] {processor.py:161} INFO - Started process (PID=289) to work on /opt/airflow/dags/fakeddit_pipeline.py
[2026-02-11T07:43:24.508+0000] {processor.py:830} INFO - Processing file /opt/airflow/dags/fakeddit_pipeline.py for tasks to queue
[2026-02-11T07:43:24.509+0000] {logging_mixin.py:188} INFO - [2026-02-11T07:43:24.509+0000] {dagbag.py:538} INFO - Filling up the DagBag from /opt/airflow/dags/fakeddit_pipeline.py
[2026-02-11T07:43:24.514+0000] {processor.py:840} INFO - DAG(s) 'fakeddit_pipeline' retrieved from /opt/airflow/dags/fakeddit_pipeline.py
[2026-02-11T07:43:24.529+0000] {logging_mixin.py:188} INFO - [2026-02-11T07:43:24.529+0000] {dag.py:3036} INFO - Sync 1 DAGs
[2026-02-11T07:43:24.536+0000] {logging_mixin.py:188} INFO - [2026-02-11T07:43:24.536+0000] {dag.py:3823} INFO - Setting next_dagrun for fakeddit_pipeline to None, run_after=None
[2026-02-11T07:43:24.546+0000] {processor.py:183} INFO - Processing /opt/airflow/dags/fakeddit_pipeline.py took 0.040 seconds
[2026-02-11T07:43:54.624+0000] {processor.py:161} INFO - Started process (PID=295) to work on /opt/airflow/dags/fakeddit_pipeline.py
[2026-02-11T07:43:54.624+0000] {processor.py:830} INFO - Processing file /opt/airflow/dags/fakeddit_pipeline.py for tasks to queue
[2026-02-11T07:43:54.625+0000] {logging_mixin.py:188} INFO - [2026-02-11T07:43:54.624+0000] {dagbag.py:538} INFO - Filling up the DagBag from /opt/airflow/dags/fakeddit_pipeline.py
[2026-02-11T07:43:54.630+0000] {processor.py:840} INFO - DAG(s) 'fakeddit_pipeline' retrieved from /opt/airflow/dags/fakeddit_pipeline.py
[2026-02-11T07:43:54.644+0000] {logging_mixin.py:188} INFO - [2026-02-11T07:43:54.644+0000] {dag.py:3036} INFO - Sync 1 DAGs
[2026-02-11T07:43:54.651+0000] {logging_mixin.py:188} INFO - [2026-02-11T07:43:54.651+0000] {dag.py:3823} INFO - Setting next_dagrun for fakeddit_pipeline to None, run_after=None
[2026-02-11T07:43:54.662+0000] {processor.py:183} INFO - Processing /opt/airflow/dags/fakeddit_pipeline.py took 0.040 seconds
[2026-02-11T07:44:24.746+0000] {processor.py:161} INFO - Started process (PID=300) to work on /opt/airflow/dags/fakeddit_pipeline.py
[2026-02-11T07:44:24.747+0000] {processor.py:830} INFO - Processing file /opt/airflow/dags/fakeddit_pipeline.py for tasks to queue
[2026-02-11T07:44:24.748+0000] {logging_mixin.py:188} INFO - [2026-02-11T07:44:24.747+0000] {dagbag.py:538} INFO - Filling up the DagBag from /opt/airflow/dags/fakeddit_pipeline.py
[2026-02-11T07:44:24.753+0000] {processor.py:840} INFO - DAG(s) 'fakeddit_pipeline' retrieved from /opt/airflow/dags/fakeddit_pipeline.py
[2026-02-11T07:44:24.768+0000] {logging_mixin.py:188} INFO - [2026-02-11T07:44:24.768+0000] {dag.py:3036} INFO - Sync 1 DAGs
[2026-02-11T07:44:24.775+0000] {logging_mixin.py:188} INFO - [2026-02-11T07:44:24.775+0000] {dag.py:3823} INFO - Setting next_dagrun for fakeddit_pipeline to None, run_after=None
[2026-02-11T07:44:24.785+0000] {processor.py:183} INFO - Processing /opt/airflow/dags/fakeddit_pipeline.py took 0.040 seconds
[2026-02-11T07:44:54.864+0000] {processor.py:161} INFO - Started process (PID=305) to work on /opt/airflow/dags/fakeddit_pipeline.py
[2026-02-11T07:44:54.865+0000] {processor.py:830} INFO - Processing file /opt/airflow/dags/fakeddit_pipeline.py for tasks to queue
[2026-02-11T07:44:54.865+0000] {logging_mixin.py:188} INFO - [2026-02-11T07:44:54.865+0000] {dagbag.py:538} INFO - Filling up the DagBag from /opt/airflow/dags/fakeddit_pipeline.py
[2026-02-11T07:44:54.871+0000] {processor.py:840} INFO - DAG(s) 'fakeddit_pipeline' retrieved from /opt/airflow/dags/fakeddit_pipeline.py
[2026-02-11T07:44:54.886+0000] {logging_mixin.py:188} INFO - [2026-02-11T07:44:54.886+0000] {dag.py:3036} INFO - Sync 1 DAGs
[2026-02-11T07:44:54.892+0000] {logging_mixin.py:188} INFO - [2026-02-11T07:44:54.892+0000] {dag.py:3823} INFO - Setting next_dagrun for fakeddit_pipeline to None, run_after=None
[2026-02-11T07:44:54.903+0000] {processor.py:183} INFO - Processing /opt/airflow/dags/fakeddit_pipeline.py took 0.041 seconds
[2026-02-11T07:45:24.976+0000] {processor.py:161} INFO - Started process (PID=310) to work on /opt/airflow/dags/fakeddit_pipeline.py
[2026-02-11T07:45:24.977+0000] {processor.py:830} INFO - Processing file /opt/airflow/dags/fakeddit_pipeline.py for tasks to queue
[2026-02-11T07:45:24.977+0000] {logging_mixin.py:188} INFO - [2026-02-11T07:45:24.977+0000] {dagbag.py:538} INFO - Filling up the DagBag from /opt/airflow/dags/fakeddit_pipeline.py
[2026-02-11T07:45:24.983+0000] {processor.py:840} INFO - DAG(s) 'fakeddit_pipeline' retrieved from /opt/airflow/dags/fakeddit_pipeline.py
[2026-02-11T07:45:24.997+0000] {logging_mixin.py:188} INFO - [2026-02-11T07:45:24.997+0000] {dag.py:3036} INFO - Sync 1 DAGs
[2026-02-11T07:45:25.004+0000] {logging_mixin.py:188} INFO - [2026-02-11T07:45:25.004+0000] {dag.py:3823} INFO - Setting next_dagrun for fakeddit_pipeline to None, run_after=None
[2026-02-11T07:45:25.015+0000] {processor.py:183} INFO - Processing /opt/airflow/dags/fakeddit_pipeline.py took 0.041 seconds
[2026-02-11T07:45:55.098+0000] {processor.py:161} INFO - Started process (PID=315) to work on /opt/airflow/dags/fakeddit_pipeline.py
[2026-02-11T07:45:55.098+0000] {processor.py:830} INFO - Processing file /opt/airflow/dags/fakeddit_pipeline.py for tasks to queue
[2026-02-11T07:45:55.099+0000] {logging_mixin.py:188} INFO - [2026-02-11T07:45:55.099+0000] {dagbag.py:538} INFO - Filling up the DagBag from /opt/airflow/dags/fakeddit_pipeline.py
[2026-02-11T07:45:55.104+0000] {processor.py:840} INFO - DAG(s) 'fakeddit_pipeline' retrieved from /opt/airflow/dags/fakeddit_pipeline.py
[2026-02-11T07:45:55.117+0000] {logging_mixin.py:188} INFO - [2026-02-11T07:45:55.117+0000] {dag.py:3036} INFO - Sync 1 DAGs
[2026-02-11T07:45:55.123+0000] {logging_mixin.py:188} INFO - [2026-02-11T07:45:55.123+0000] {dag.py:3823} INFO - Setting next_dagrun for fakeddit_pipeline to None, run_after=None
[2026-02-11T07:45:55.133+0000] {processor.py:183} INFO - Processing /opt/airflow/dags/fakeddit_pipeline.py took 0.037 seconds
[2026-02-11T07:46:25.220+0000] {processor.py:161} INFO - Started process (PID=320) to work on /opt/airflow/dags/fakeddit_pipeline.py
[2026-02-11T07:46:25.221+0000] {processor.py:830} INFO - Processing file /opt/airflow/dags/fakeddit_pipeline.py for tasks to queue
[2026-02-11T07:46:25.222+0000] {logging_mixin.py:188} INFO - [2026-02-11T07:46:25.221+0000] {dagbag.py:538} INFO - Filling up the DagBag from /opt/airflow/dags/fakeddit_pipeline.py
[2026-02-11T07:46:25.227+0000] {processor.py:840} INFO - DAG(s) 'fakeddit_pipeline' retrieved from /opt/airflow/dags/fakeddit_pipeline.py
[2026-02-11T07:46:25.241+0000] {logging_mixin.py:188} INFO - [2026-02-11T07:46:25.241+0000] {dag.py:3036} INFO - Sync 1 DAGs
[2026-02-11T07:46:25.248+0000] {logging_mixin.py:188} INFO - [2026-02-11T07:46:25.248+0000] {dag.py:3823} INFO - Setting next_dagrun for fakeddit_pipeline to None, run_after=None
[2026-02-11T07:46:25.264+0000] {processor.py:183} INFO - Processing /opt/airflow/dags/fakeddit_pipeline.py took 0.046 seconds
[2026-02-11T07:46:55.338+0000] {processor.py:161} INFO - Started process (PID=325) to work on /opt/airflow/dags/fakeddit_pipeline.py
[2026-02-11T07:46:55.339+0000] {processor.py:830} INFO - Processing file /opt/airflow/dags/fakeddit_pipeline.py for tasks to queue
[2026-02-11T07:46:55.339+0000] {logging_mixin.py:188} INFO - [2026-02-11T07:46:55.339+0000] {dagbag.py:538} INFO - Filling up the DagBag from /opt/airflow/dags/fakeddit_pipeline.py
[2026-02-11T07:46:55.346+0000] {processor.py:840} INFO - DAG(s) 'fakeddit_pipeline' retrieved from /opt/airflow/dags/fakeddit_pipeline.py
[2026-02-11T07:46:55.363+0000] {logging_mixin.py:188} INFO - [2026-02-11T07:46:55.362+0000] {dag.py:3036} INFO - Sync 1 DAGs
[2026-02-11T07:46:55.370+0000] {logging_mixin.py:188} INFO - [2026-02-11T07:46:55.370+0000] {dag.py:3823} INFO - Setting next_dagrun for fakeddit_pipeline to None, run_after=None
[2026-02-11T07:46:55.382+0000] {processor.py:183} INFO - Processing /opt/airflow/dags/fakeddit_pipeline.py took 0.046 seconds
[2026-02-11T07:47:25.464+0000] {processor.py:161} INFO - Started process (PID=330) to work on /opt/airflow/dags/fakeddit_pipeline.py
[2026-02-11T07:47:25.464+0000] {processor.py:830} INFO - Processing file /opt/airflow/dags/fakeddit_pipeline.py for tasks to queue
[2026-02-11T07:47:25.465+0000] {logging_mixin.py:188} INFO - [2026-02-11T07:47:25.465+0000] {dagbag.py:538} INFO - Filling up the DagBag from /opt/airflow/dags/fakeddit_pipeline.py
[2026-02-11T07:47:25.470+0000] {processor.py:840} INFO - DAG(s) 'fakeddit_pipeline' retrieved from /opt/airflow/dags/fakeddit_pipeline.py
[2026-02-11T07:47:25.486+0000] {logging_mixin.py:188} INFO - [2026-02-11T07:47:25.486+0000] {dag.py:3036} INFO - Sync 1 DAGs
[2026-02-11T07:47:25.493+0000] {logging_mixin.py:188} INFO - [2026-02-11T07:47:25.493+0000] {dag.py:3823} INFO - Setting next_dagrun for fakeddit_pipeline to None, run_after=None
[2026-02-11T07:47:25.503+0000] {processor.py:183} INFO - Processing /opt/airflow/dags/fakeddit_pipeline.py took 0.041 seconds
[2026-02-11T07:47:55.583+0000] {processor.py:161} INFO - Started process (PID=335) to work on /opt/airflow/dags/fakeddit_pipeline.py
[2026-02-11T07:47:55.583+0000] {processor.py:830} INFO - Processing file /opt/airflow/dags/fakeddit_pipeline.py for tasks to queue
[2026-02-11T07:47:55.584+0000] {logging_mixin.py:188} INFO - [2026-02-11T07:47:55.584+0000] {dagbag.py:538} INFO - Filling up the DagBag from /opt/airflow/dags/fakeddit_pipeline.py
[2026-02-11T07:47:55.589+0000] {processor.py:840} INFO - DAG(s) 'fakeddit_pipeline' retrieved from /opt/airflow/dags/fakeddit_pipeline.py
[2026-02-11T07:47:55.603+0000] {logging_mixin.py:188} INFO - [2026-02-11T07:47:55.603+0000] {dag.py:3036} INFO - Sync 1 DAGs
[2026-02-11T07:47:55.610+0000] {logging_mixin.py:188} INFO - [2026-02-11T07:47:55.609+0000] {dag.py:3823} INFO - Setting next_dagrun for fakeddit_pipeline to None, run_after=None
[2026-02-11T07:47:55.620+0000] {processor.py:183} INFO - Processing /opt/airflow/dags/fakeddit_pipeline.py took 0.039 seconds
[2026-02-11T07:48:25.696+0000] {processor.py:161} INFO - Started process (PID=340) to work on /opt/airflow/dags/fakeddit_pipeline.py
[2026-02-11T07:48:25.697+0000] {processor.py:830} INFO - Processing file /opt/airflow/dags/fakeddit_pipeline.py for tasks to queue
[2026-02-11T07:48:25.698+0000] {logging_mixin.py:188} INFO - [2026-02-11T07:48:25.697+0000] {dagbag.py:538} INFO - Filling up the DagBag from /opt/airflow/dags/fakeddit_pipeline.py
[2026-02-11T07:48:25.703+0000] {processor.py:840} INFO - DAG(s) 'fakeddit_pipeline' retrieved from /opt/airflow/dags/fakeddit_pipeline.py
[2026-02-11T07:48:25.717+0000] {logging_mixin.py:188} INFO - [2026-02-11T07:48:25.717+0000] {dag.py:3036} INFO - Sync 1 DAGs
[2026-02-11T07:48:25.724+0000] {logging_mixin.py:188} INFO - [2026-02-11T07:48:25.724+0000] {dag.py:3823} INFO - Setting next_dagrun for fakeddit_pipeline to None, run_after=None
[2026-02-11T07:48:25.734+0000] {processor.py:183} INFO - Processing /opt/airflow/dags/fakeddit_pipeline.py took 0.039 seconds
[2026-02-11T07:48:55.808+0000] {processor.py:161} INFO - Started process (PID=345) to work on /opt/airflow/dags/fakeddit_pipeline.py
[2026-02-11T07:48:55.808+0000] {processor.py:830} INFO - Processing file /opt/airflow/dags/fakeddit_pipeline.py for tasks to queue
[2026-02-11T07:48:55.809+0000] {logging_mixin.py:188} INFO - [2026-02-11T07:48:55.809+0000] {dagbag.py:538} INFO - Filling up the DagBag from /opt/airflow/dags/fakeddit_pipeline.py
[2026-02-11T07:48:55.815+0000] {processor.py:840} INFO - DAG(s) 'fakeddit_pipeline' retrieved from /opt/airflow/dags/fakeddit_pipeline.py
[2026-02-11T07:48:55.829+0000] {logging_mixin.py:188} INFO - [2026-02-11T07:48:55.829+0000] {dag.py:3036} INFO - Sync 1 DAGs
[2026-02-11T07:48:55.836+0000] {logging_mixin.py:188} INFO - [2026-02-11T07:48:55.836+0000] {dag.py:3823} INFO - Setting next_dagrun for fakeddit_pipeline to None, run_after=None
[2026-02-11T07:48:55.846+0000] {processor.py:183} INFO - Processing /opt/airflow/dags/fakeddit_pipeline.py took 0.040 seconds
[2026-02-11T07:49:25.924+0000] {processor.py:161} INFO - Started process (PID=350) to work on /opt/airflow/dags/fakeddit_pipeline.py
[2026-02-11T07:49:25.925+0000] {processor.py:830} INFO - Processing file /opt/airflow/dags/fakeddit_pipeline.py for tasks to queue
[2026-02-11T07:49:25.926+0000] {logging_mixin.py:188} INFO - [2026-02-11T07:49:25.926+0000] {dagbag.py:538} INFO - Filling up the DagBag from /opt/airflow/dags/fakeddit_pipeline.py
[2026-02-11T07:49:25.931+0000] {processor.py:840} INFO - DAG(s) 'fakeddit_pipeline' retrieved from /opt/airflow/dags/fakeddit_pipeline.py
[2026-02-11T07:49:25.944+0000] {logging_mixin.py:188} INFO - [2026-02-11T07:49:25.944+0000] {dag.py:3036} INFO - Sync 1 DAGs
[2026-02-11T07:49:25.951+0000] {logging_mixin.py:188} INFO - [2026-02-11T07:49:25.951+0000] {dag.py:3823} INFO - Setting next_dagrun for fakeddit_pipeline to None, run_after=None
[2026-02-11T07:49:25.962+0000] {processor.py:183} INFO - Processing /opt/airflow/dags/fakeddit_pipeline.py took 0.039 seconds
[2026-02-11T07:51:05.290+0000] {processor.py:161} INFO - Started process (PID=237) to work on /opt/airflow/dags/fakeddit_pipeline.py
[2026-02-11T07:51:05.291+0000] {processor.py:830} INFO - Processing file /opt/airflow/dags/fakeddit_pipeline.py for tasks to queue
[2026-02-11T07:51:05.292+0000] {logging_mixin.py:188} INFO - [2026-02-11T07:51:05.292+0000] {dagbag.py:538} INFO - Filling up the DagBag from /opt/airflow/dags/fakeddit_pipeline.py
[2026-02-11T07:51:05.300+0000] {processor.py:840} INFO - DAG(s) 'fakeddit_pipeline' retrieved from /opt/airflow/dags/fakeddit_pipeline.py
[2026-02-11T07:51:05.320+0000] {logging_mixin.py:188} INFO - [2026-02-11T07:51:05.320+0000] {dag.py:3036} INFO - Sync 1 DAGs
[2026-02-11T07:51:05.329+0000] {logging_mixin.py:188} INFO - [2026-02-11T07:51:05.329+0000] {dag.py:3823} INFO - Setting next_dagrun for fakeddit_pipeline to None, run_after=None
[2026-02-11T07:51:05.371+0000] {processor.py:183} INFO - Processing /opt/airflow/dags/fakeddit_pipeline.py took 0.084 seconds
[2026-02-11T07:51:35.470+0000] {processor.py:161} INFO - Started process (PID=273) to work on /opt/airflow/dags/fakeddit_pipeline.py
[2026-02-11T07:51:35.470+0000] {processor.py:830} INFO - Processing file /opt/airflow/dags/fakeddit_pipeline.py for tasks to queue
[2026-02-11T07:51:35.471+0000] {logging_mixin.py:188} INFO - [2026-02-11T07:51:35.471+0000] {dagbag.py:538} INFO - Filling up the DagBag from /opt/airflow/dags/fakeddit_pipeline.py
[2026-02-11T07:51:35.477+0000] {processor.py:840} INFO - DAG(s) 'fakeddit_pipeline' retrieved from /opt/airflow/dags/fakeddit_pipeline.py
[2026-02-11T07:51:35.535+0000] {logging_mixin.py:188} INFO - [2026-02-11T07:51:35.535+0000] {dag.py:3036} INFO - Sync 1 DAGs
[2026-02-11T07:51:35.541+0000] {logging_mixin.py:188} INFO - [2026-02-11T07:51:35.541+0000] {dag.py:3823} INFO - Setting next_dagrun for fakeddit_pipeline to None, run_after=None
[2026-02-11T07:51:35.552+0000] {processor.py:183} INFO - Processing /opt/airflow/dags/fakeddit_pipeline.py took 0.084 seconds
[2026-02-11T07:52:05.627+0000] {processor.py:161} INFO - Started process (PID=278) to work on /opt/airflow/dags/fakeddit_pipeline.py
[2026-02-11T07:52:05.628+0000] {processor.py:830} INFO - Processing file /opt/airflow/dags/fakeddit_pipeline.py for tasks to queue
[2026-02-11T07:52:05.628+0000] {logging_mixin.py:188} INFO - [2026-02-11T07:52:05.628+0000] {dagbag.py:538} INFO - Filling up the DagBag from /opt/airflow/dags/fakeddit_pipeline.py
[2026-02-11T07:52:05.635+0000] {processor.py:840} INFO - DAG(s) 'fakeddit_pipeline' retrieved from /opt/airflow/dags/fakeddit_pipeline.py
[2026-02-11T07:52:05.652+0000] {logging_mixin.py:188} INFO - [2026-02-11T07:52:05.652+0000] {dag.py:3036} INFO - Sync 1 DAGs
[2026-02-11T07:52:05.659+0000] {logging_mixin.py:188} INFO - [2026-02-11T07:52:05.659+0000] {dag.py:3823} INFO - Setting next_dagrun for fakeddit_pipeline to None, run_after=None
[2026-02-11T07:52:05.675+0000] {processor.py:183} INFO - Processing /opt/airflow/dags/fakeddit_pipeline.py took 0.050 seconds
[2026-02-11T07:52:35.806+0000] {processor.py:161} INFO - Started process (PID=283) to work on /opt/airflow/dags/fakeddit_pipeline.py
[2026-02-11T07:52:35.807+0000] {processor.py:830} INFO - Processing file /opt/airflow/dags/fakeddit_pipeline.py for tasks to queue
[2026-02-11T07:52:35.807+0000] {logging_mixin.py:188} INFO - [2026-02-11T07:52:35.807+0000] {dagbag.py:538} INFO - Filling up the DagBag from /opt/airflow/dags/fakeddit_pipeline.py
[2026-02-11T07:52:35.814+0000] {processor.py:840} INFO - DAG(s) 'fakeddit_pipeline' retrieved from /opt/airflow/dags/fakeddit_pipeline.py
[2026-02-11T07:52:35.832+0000] {logging_mixin.py:188} INFO - [2026-02-11T07:52:35.832+0000] {dag.py:3036} INFO - Sync 1 DAGs
[2026-02-11T07:52:35.839+0000] {logging_mixin.py:188} INFO - [2026-02-11T07:52:35.839+0000] {dag.py:3823} INFO - Setting next_dagrun for fakeddit_pipeline to None, run_after=None
[2026-02-11T07:52:35.850+0000] {processor.py:183} INFO - Processing /opt/airflow/dags/fakeddit_pipeline.py took 0.046 seconds
[2026-02-11T07:53:05.924+0000] {processor.py:161} INFO - Started process (PID=288) to work on /opt/airflow/dags/fakeddit_pipeline.py
[2026-02-11T07:53:05.925+0000] {processor.py:830} INFO - Processing file /opt/airflow/dags/fakeddit_pipeline.py for tasks to queue
[2026-02-11T07:53:05.925+0000] {logging_mixin.py:188} INFO - [2026-02-11T07:53:05.925+0000] {dagbag.py:538} INFO - Filling up the DagBag from /opt/airflow/dags/fakeddit_pipeline.py
[2026-02-11T07:53:05.931+0000] {processor.py:840} INFO - DAG(s) 'fakeddit_pipeline' retrieved from /opt/airflow/dags/fakeddit_pipeline.py
[2026-02-11T07:53:05.945+0000] {logging_mixin.py:188} INFO - [2026-02-11T07:53:05.945+0000] {dag.py:3036} INFO - Sync 1 DAGs
[2026-02-11T07:53:05.951+0000] {logging_mixin.py:188} INFO - [2026-02-11T07:53:05.951+0000] {dag.py:3823} INFO - Setting next_dagrun for fakeddit_pipeline to None, run_after=None
[2026-02-11T07:53:05.962+0000] {processor.py:183} INFO - Processing /opt/airflow/dags/fakeddit_pipeline.py took 0.040 seconds
[2026-02-11T07:53:36.052+0000] {processor.py:161} INFO - Started process (PID=293) to work on /opt/airflow/dags/fakeddit_pipeline.py
[2026-02-11T07:53:36.052+0000] {processor.py:830} INFO - Processing file /opt/airflow/dags/fakeddit_pipeline.py for tasks to queue
[2026-02-11T07:53:36.053+0000] {logging_mixin.py:188} INFO - [2026-02-11T07:53:36.052+0000] {dagbag.py:538} INFO - Filling up the DagBag from /opt/airflow/dags/fakeddit_pipeline.py
[2026-02-11T07:53:36.059+0000] {processor.py:840} INFO - DAG(s) 'fakeddit_pipeline' retrieved from /opt/airflow/dags/fakeddit_pipeline.py
[2026-02-11T07:53:36.073+0000] {logging_mixin.py:188} INFO - [2026-02-11T07:53:36.073+0000] {dag.py:3036} INFO - Sync 1 DAGs
[2026-02-11T07:53:36.082+0000] {logging_mixin.py:188} INFO - [2026-02-11T07:53:36.082+0000] {dag.py:3823} INFO - Setting next_dagrun for fakeddit_pipeline to None, run_after=None
[2026-02-11T07:53:36.096+0000] {processor.py:183} INFO - Processing /opt/airflow/dags/fakeddit_pipeline.py took 0.046 seconds
[2026-02-11T07:54:06.163+0000] {processor.py:161} INFO - Started process (PID=298) to work on /opt/airflow/dags/fakeddit_pipeline.py
[2026-02-11T07:54:06.163+0000] {processor.py:830} INFO - Processing file /opt/airflow/dags/fakeddit_pipeline.py for tasks to queue
[2026-02-11T07:54:06.164+0000] {logging_mixin.py:188} INFO - [2026-02-11T07:54:06.164+0000] {dagbag.py:538} INFO - Filling up the DagBag from /opt/airflow/dags/fakeddit_pipeline.py
[2026-02-11T07:54:06.169+0000] {processor.py:840} INFO - DAG(s) 'fakeddit_pipeline' retrieved from /opt/airflow/dags/fakeddit_pipeline.py
[2026-02-11T07:54:06.183+0000] {logging_mixin.py:188} INFO - [2026-02-11T07:54:06.183+0000] {dag.py:3036} INFO - Sync 1 DAGs
[2026-02-11T07:54:06.190+0000] {logging_mixin.py:188} INFO - [2026-02-11T07:54:06.190+0000] {dag.py:3823} INFO - Setting next_dagrun for fakeddit_pipeline to None, run_after=None
[2026-02-11T07:54:06.200+0000] {processor.py:183} INFO - Processing /opt/airflow/dags/fakeddit_pipeline.py took 0.039 seconds
[2026-02-11T07:54:36.282+0000] {processor.py:161} INFO - Started process (PID=303) to work on /opt/airflow/dags/fakeddit_pipeline.py
[2026-02-11T07:54:36.283+0000] {processor.py:830} INFO - Processing file /opt/airflow/dags/fakeddit_pipeline.py for tasks to queue
[2026-02-11T07:54:36.283+0000] {logging_mixin.py:188} INFO - [2026-02-11T07:54:36.283+0000] {dagbag.py:538} INFO - Filling up the DagBag from /opt/airflow/dags/fakeddit_pipeline.py
[2026-02-11T07:54:36.289+0000] {processor.py:840} INFO - DAG(s) 'fakeddit_pipeline' retrieved from /opt/airflow/dags/fakeddit_pipeline.py
[2026-02-11T07:54:36.302+0000] {logging_mixin.py:188} INFO - [2026-02-11T07:54:36.302+0000] {dag.py:3036} INFO - Sync 1 DAGs
[2026-02-11T07:54:36.309+0000] {logging_mixin.py:188} INFO - [2026-02-11T07:54:36.308+0000] {dag.py:3823} INFO - Setting next_dagrun for fakeddit_pipeline to None, run_after=None
[2026-02-11T07:54:36.319+0000] {processor.py:183} INFO - Processing /opt/airflow/dags/fakeddit_pipeline.py took 0.039 seconds
[2026-02-11T07:58:51.489+0000] {processor.py:161} INFO - Started process (PID=237) to work on /opt/airflow/dags/fakeddit_pipeline.py
[2026-02-11T07:58:51.490+0000] {processor.py:830} INFO - Processing file /opt/airflow/dags/fakeddit_pipeline.py for tasks to queue
[2026-02-11T07:58:51.491+0000] {logging_mixin.py:188} INFO - [2026-02-11T07:58:51.491+0000] {dagbag.py:538} INFO - Filling up the DagBag from /opt/airflow/dags/fakeddit_pipeline.py
[2026-02-11T07:58:51.501+0000] {processor.py:840} INFO - DAG(s) 'fakeddit_pipeline' retrieved from /opt/airflow/dags/fakeddit_pipeline.py
[2026-02-11T07:58:51.666+0000] {logging_mixin.py:188} INFO - [2026-02-11T07:58:51.664+0000] {override.py:1769} INFO - Created Permission View: can edit on DAG:fakeddit_pipeline
[2026-02-11T07:58:51.697+0000] {logging_mixin.py:188} INFO - [2026-02-11T07:58:51.697+0000] {override.py:1769} INFO - Created Permission View: can read on DAG:fakeddit_pipeline
[2026-02-11T07:58:51.725+0000] {logging_mixin.py:188} INFO - [2026-02-11T07:58:51.724+0000] {override.py:1769} INFO - Created Permission View: can delete on DAG:fakeddit_pipeline
[2026-02-11T07:58:51.726+0000] {logging_mixin.py:188} INFO - [2026-02-11T07:58:51.725+0000] {dag.py:3036} INFO - Sync 1 DAGs
[2026-02-11T07:58:51.738+0000] {logging_mixin.py:188} INFO - [2026-02-11T07:58:51.738+0000] {dag.py:3058} INFO - Creating ORM DAG for fakeddit_pipeline
[2026-02-11T07:58:51.739+0000] {logging_mixin.py:188} INFO - [2026-02-11T07:58:51.739+0000] {dag.py:3823} INFO - Setting next_dagrun for fakeddit_pipeline to None, run_after=None
[2026-02-11T07:58:51.772+0000] {processor.py:183} INFO - Processing /opt/airflow/dags/fakeddit_pipeline.py took 0.287 seconds
[2026-02-11T07:59:21.910+0000] {processor.py:161} INFO - Started process (PID=273) to work on /opt/airflow/dags/fakeddit_pipeline.py
[2026-02-11T07:59:21.911+0000] {processor.py:830} INFO - Processing file /opt/airflow/dags/fakeddit_pipeline.py for tasks to queue
[2026-02-11T07:59:21.911+0000] {logging_mixin.py:188} INFO - [2026-02-11T07:59:21.911+0000] {dagbag.py:538} INFO - Filling up the DagBag from /opt/airflow/dags/fakeddit_pipeline.py
[2026-02-11T07:59:21.922+0000] {processor.py:840} INFO - DAG(s) 'fakeddit_pipeline' retrieved from /opt/airflow/dags/fakeddit_pipeline.py
[2026-02-11T07:59:21.949+0000] {logging_mixin.py:188} INFO - [2026-02-11T07:59:21.949+0000] {dag.py:3036} INFO - Sync 1 DAGs
[2026-02-11T07:59:21.967+0000] {logging_mixin.py:188} INFO - [2026-02-11T07:59:21.966+0000] {dag.py:3823} INFO - Setting next_dagrun for fakeddit_pipeline to None, run_after=None
[2026-02-11T07:59:22.005+0000] {processor.py:183} INFO - Processing /opt/airflow/dags/fakeddit_pipeline.py took 0.098 seconds
[2026-02-11T07:59:52.064+0000] {processor.py:161} INFO - Started process (PID=279) to work on /opt/airflow/dags/fakeddit_pipeline.py
[2026-02-11T07:59:52.065+0000] {processor.py:830} INFO - Processing file /opt/airflow/dags/fakeddit_pipeline.py for tasks to queue
[2026-02-11T07:59:52.066+0000] {logging_mixin.py:188} INFO - [2026-02-11T07:59:52.066+0000] {dagbag.py:538} INFO - Filling up the DagBag from /opt/airflow/dags/fakeddit_pipeline.py
[2026-02-11T07:59:52.074+0000] {processor.py:840} INFO - DAG(s) 'fakeddit_pipeline' retrieved from /opt/airflow/dags/fakeddit_pipeline.py
[2026-02-11T07:59:52.095+0000] {logging_mixin.py:188} INFO - [2026-02-11T07:59:52.095+0000] {dag.py:3036} INFO - Sync 1 DAGs
[2026-02-11T07:59:52.103+0000] {logging_mixin.py:188} INFO - [2026-02-11T07:59:52.102+0000] {dag.py:3823} INFO - Setting next_dagrun for fakeddit_pipeline to None, run_after=None
[2026-02-11T07:59:52.116+0000] {processor.py:183} INFO - Processing /opt/airflow/dags/fakeddit_pipeline.py took 0.054 seconds
[2026-02-11T08:00:22.185+0000] {processor.py:161} INFO - Started process (PID=284) to work on /opt/airflow/dags/fakeddit_pipeline.py
[2026-02-11T08:00:22.185+0000] {processor.py:830} INFO - Processing file /opt/airflow/dags/fakeddit_pipeline.py for tasks to queue
[2026-02-11T08:00:22.186+0000] {logging_mixin.py:188} INFO - [2026-02-11T08:00:22.186+0000] {dagbag.py:538} INFO - Filling up the DagBag from /opt/airflow/dags/fakeddit_pipeline.py
[2026-02-11T08:00:22.192+0000] {processor.py:840} INFO - DAG(s) 'fakeddit_pipeline' retrieved from /opt/airflow/dags/fakeddit_pipeline.py
[2026-02-11T08:00:22.206+0000] {logging_mixin.py:188} INFO - [2026-02-11T08:00:22.206+0000] {dag.py:3036} INFO - Sync 1 DAGs
[2026-02-11T08:00:22.212+0000] {logging_mixin.py:188} INFO - [2026-02-11T08:00:22.212+0000] {dag.py:3823} INFO - Setting next_dagrun for fakeddit_pipeline to None, run_after=None
[2026-02-11T08:00:22.222+0000] {processor.py:183} INFO - Processing /opt/airflow/dags/fakeddit_pipeline.py took 0.040 seconds
[2026-02-11T08:00:52.327+0000] {processor.py:161} INFO - Started process (PID=289) to work on /opt/airflow/dags/fakeddit_pipeline.py
[2026-02-11T08:00:52.328+0000] {processor.py:830} INFO - Processing file /opt/airflow/dags/fakeddit_pipeline.py for tasks to queue
[2026-02-11T08:00:52.328+0000] {logging_mixin.py:188} INFO - [2026-02-11T08:00:52.328+0000] {dagbag.py:538} INFO - Filling up the DagBag from /opt/airflow/dags/fakeddit_pipeline.py
[2026-02-11T08:00:52.333+0000] {processor.py:840} INFO - DAG(s) 'fakeddit_pipeline' retrieved from /opt/airflow/dags/fakeddit_pipeline.py
[2026-02-11T08:00:52.351+0000] {logging_mixin.py:188} INFO - [2026-02-11T08:00:52.351+0000] {dag.py:3036} INFO - Sync 1 DAGs
[2026-02-11T08:00:52.357+0000] {logging_mixin.py:188} INFO - [2026-02-11T08:00:52.357+0000] {dag.py:3823} INFO - Setting next_dagrun for fakeddit_pipeline to None, run_after=None
[2026-02-11T08:00:52.367+0000] {processor.py:183} INFO - Processing /opt/airflow/dags/fakeddit_pipeline.py took 0.041 seconds
