[2026-02-11T07:36:31.687+0000] {taskinstance.py:1956} INFO - Dependencies all met for dep_context=non-requeueable deps ti=<TaskInstance: fakeddit_pipeline.extract_fakeddit manual__2026-02-11T07:31:30.188584+00:00 [queued]>
[2026-02-11T07:36:31.692+0000] {taskinstance.py:1956} INFO - Dependencies all met for dep_context=requeueable deps ti=<TaskInstance: fakeddit_pipeline.extract_fakeddit manual__2026-02-11T07:31:30.188584+00:00 [queued]>
[2026-02-11T07:36:31.692+0000] {taskinstance.py:2170} INFO - Starting attempt 2 of 2
[2026-02-11T07:36:31.698+0000] {taskinstance.py:2191} INFO - Executing <Task(BashOperator): extract_fakeddit> on 2026-02-11 07:31:30.188584+00:00
[2026-02-11T07:36:31.701+0000] {standard_task_runner.py:60} INFO - Started process 328 to run task
[2026-02-11T07:36:31.703+0000] {standard_task_runner.py:87} INFO - Running: ['airflow', 'tasks', 'run', 'fakeddit_pipeline', 'extract_fakeddit', 'manual__2026-02-11T07:31:30.188584+00:00', '--job-id', '10', '--raw', '--subdir', 'DAGS_FOLDER/fakeddit_pipeline.py', '--cfg-path', '/tmp/tmplzzyl7c_']
[2026-02-11T07:36:31.704+0000] {standard_task_runner.py:88} INFO - Job 10: Subtask extract_fakeddit
[2026-02-11T07:36:31.730+0000] {task_command.py:423} INFO - Running <TaskInstance: fakeddit_pipeline.extract_fakeddit manual__2026-02-11T07:31:30.188584+00:00 [running]> on host 457d2279c245
[2026-02-11T07:36:31.772+0000] {taskinstance.py:2480} INFO - Exporting env vars: AIRFLOW_CTX_DAG_OWNER='p12' AIRFLOW_CTX_DAG_ID='fakeddit_pipeline' AIRFLOW_CTX_TASK_ID='extract_fakeddit' AIRFLOW_CTX_EXECUTION_DATE='2026-02-11T07:31:30.188584+00:00' AIRFLOW_CTX_TRY_NUMBER='2' AIRFLOW_CTX_DAG_RUN_ID='manual__2026-02-11T07:31:30.188584+00:00'
[2026-02-11T07:36:31.773+0000] {subprocess.py:63} INFO - Tmp dir root location: /tmp
[2026-02-11T07:36:31.773+0000] {subprocess.py:75} INFO - Running command: ['/usr/bin/bash', '-c', 'python -m src.1-extract.fakeddit.main']
[2026-02-11T07:36:31.780+0000] {subprocess.py:86} INFO - Output:
[2026-02-11T07:36:31.830+0000] {subprocess.py:93} INFO - /usr/local/bin/python: Error while finding module specification for 'src.1-extract.fakeddit.main' (ModuleNotFoundError: No module named 'src')
[2026-02-11T07:36:31.834+0000] {subprocess.py:97} INFO - Command exited with return code 1
[2026-02-11T07:36:31.842+0000] {taskinstance.py:2698} ERROR - Task failed with exception
Traceback (most recent call last):
  File "/home/airflow/.local/lib/python3.10/site-packages/airflow/models/taskinstance.py", line 433, in _execute_task
    result = execute_callable(context=context, **execute_callable_kwargs)
  File "/home/airflow/.local/lib/python3.10/site-packages/airflow/operators/bash.py", line 212, in execute
    raise AirflowException(
airflow.exceptions.AirflowException: Bash command failed. The command returned a non-zero exit code 1.
[2026-02-11T07:36:31.844+0000] {taskinstance.py:1138} INFO - Marking task as FAILED. dag_id=fakeddit_pipeline, task_id=extract_fakeddit, execution_date=20260211T073130, start_date=20260211T073631, end_date=20260211T073631
[2026-02-11T07:36:31.851+0000] {standard_task_runner.py:107} ERROR - Failed to execute job 10 for task extract_fakeddit (Bash command failed. The command returned a non-zero exit code 1.; 328)
[2026-02-11T07:36:31.875+0000] {local_task_job_runner.py:234} INFO - Task exited with return code 1
[2026-02-11T07:36:31.888+0000] {taskinstance.py:3280} INFO - 0 downstream tasks scheduled from follow-on schedule check
