[2026-02-11T07:07:10.290+0000] {manager.py:469} INFO - Processing files using up to 2 processes at a time 
[2026-02-11T07:07:10.290+0000] {manager.py:470} INFO - Process each file at most once every 30 seconds
[2026-02-11T07:07:10.290+0000] {manager.py:471} INFO - Checking for new files in /opt/airflow/dags every 300 seconds
[2026-02-11T07:07:10.290+0000] {manager.py:738} INFO - Searching for files in /opt/airflow/dags
[2026-02-11T07:07:10.291+0000] {manager.py:741} INFO - There are 0 files in /opt/airflow/dags
[2026-02-11T07:09:36.330+0000] {manager.py:469} INFO - Processing files using up to 2 processes at a time 
[2026-02-11T07:09:36.331+0000] {manager.py:470} INFO - Process each file at most once every 30 seconds
[2026-02-11T07:09:36.331+0000] {manager.py:471} INFO - Checking for new files in /opt/airflow/dags every 300 seconds
[2026-02-11T07:09:36.331+0000] {manager.py:738} INFO - Searching for files in /opt/airflow/dags
[2026-02-11T07:09:36.332+0000] {manager.py:741} INFO - There are 0 files in /opt/airflow/dags
[2026-02-11T07:14:36.456+0000] {manager.py:738} INFO - Searching for files in /opt/airflow/dags
[2026-02-11T07:14:36.457+0000] {manager.py:741} INFO - There are 0 files in /opt/airflow/dags
[2026-02-11T07:16:25.867+0000] {manager.py:469} INFO - Processing files using up to 2 processes at a time 
[2026-02-11T07:16:25.868+0000] {manager.py:470} INFO - Process each file at most once every 30 seconds
[2026-02-11T07:16:25.868+0000] {manager.py:471} INFO - Checking for new files in /opt/airflow/dags every 300 seconds
[2026-02-11T07:16:25.869+0000] {manager.py:738} INFO - Searching for files in /opt/airflow/dags
[2026-02-11T07:16:25.869+0000] {manager.py:741} INFO - There are 0 files in /opt/airflow/dags
[2026-02-11T07:21:25.993+0000] {manager.py:738} INFO - Searching for files in /opt/airflow/dags
[2026-02-11T07:21:25.994+0000] {manager.py:741} INFO - There are 0 files in /opt/airflow/dags
[2026-02-11T07:26:26.146+0000] {manager.py:738} INFO - Searching for files in /opt/airflow/dags
[2026-02-11T07:26:26.146+0000] {manager.py:741} INFO - There are 0 files in /opt/airflow/dags
[2026-02-11T07:31:06.366+0000] {manager.py:469} INFO - Processing files using up to 2 processes at a time 
[2026-02-11T07:31:06.367+0000] {manager.py:470} INFO - Process each file at most once every 30 seconds
[2026-02-11T07:31:06.367+0000] {manager.py:471} INFO - Checking for new files in /opt/airflow/dags every 300 seconds
[2026-02-11T07:31:06.367+0000] {manager.py:738} INFO - Searching for files in /opt/airflow/dags
[2026-02-11T07:31:06.368+0000] {manager.py:741} INFO - There are 1 files in /opt/airflow/dags
[2026-02-11T07:31:06.409+0000] {manager.py:879} INFO - 
================================================================================
DAG File Processing Stats

File Path                                 PID  Runtime      # DAGs    # Errors  Last Runtime    Last Run
--------------------------------------  -----  ---------  --------  ----------  --------------  ----------
/opt/airflow/dags/fakeddit_pipeline.py    235  0.02s             0           0
================================================================================
[2026-02-11T07:31:36.518+0000] {manager.py:879} INFO - 
================================================================================
DAG File Processing Stats

File Path                                 PID  Runtime      # DAGs    # Errors  Last Runtime    Last Run
--------------------------------------  -----  ---------  --------  ----------  --------------  -------------------
/opt/airflow/dags/fakeddit_pipeline.py    277  0.00s             1           0  0.05s           2026-02-11T07:31:06
================================================================================
[2026-02-11T07:32:06.626+0000] {manager.py:879} INFO - 
================================================================================
DAG File Processing Stats

File Path                                 PID  Runtime      # DAGs    # Errors  Last Runtime    Last Run
--------------------------------------  -----  ---------  --------  ----------  --------------  -------------------
/opt/airflow/dags/fakeddit_pipeline.py    282  0.00s             1           0  0.09s           2026-02-11T07:31:36
================================================================================
[2026-02-11T07:32:36.800+0000] {manager.py:879} INFO - 
================================================================================
DAG File Processing Stats

File Path                                 PID  Runtime      # DAGs    # Errors  Last Runtime    Last Run
--------------------------------------  -----  ---------  --------  ----------  --------------  -------------------
/opt/airflow/dags/fakeddit_pipeline.py    287  0.00s             1           0  0.06s           2026-02-11T07:32:06
================================================================================
[2026-02-11T07:33:06.911+0000] {manager.py:879} INFO - 
================================================================================
DAG File Processing Stats

File Path                                 PID  Runtime      # DAGs    # Errors  Last Runtime    Last Run
--------------------------------------  -----  ---------  --------  ----------  --------------  -------------------
/opt/airflow/dags/fakeddit_pipeline.py    292  0.00s             1           0  0.05s           2026-02-11T07:32:36
================================================================================
[2026-02-11T07:33:37.029+0000] {manager.py:879} INFO - 
================================================================================
DAG File Processing Stats

File Path                                 PID  Runtime      # DAGs    # Errors  Last Runtime    Last Run
--------------------------------------  -----  ---------  --------  ----------  --------------  -------------------
/opt/airflow/dags/fakeddit_pipeline.py    297  0.00s             1           0  0.05s           2026-02-11T07:33:06
================================================================================
[2026-02-11T07:34:07.149+0000] {manager.py:879} INFO - 
================================================================================
DAG File Processing Stats

File Path                                 PID  Runtime      # DAGs    # Errors  Last Runtime    Last Run
--------------------------------------  -----  ---------  --------  ----------  --------------  -------------------
/opt/airflow/dags/fakeddit_pipeline.py    302  0.00s             1           0  0.05s           2026-02-11T07:33:37
================================================================================
[2026-02-11T07:34:37.261+0000] {manager.py:879} INFO - 
================================================================================
DAG File Processing Stats

File Path                                 PID  Runtime      # DAGs    # Errors  Last Runtime    Last Run
--------------------------------------  -----  ---------  --------  ----------  --------------  -------------------
/opt/airflow/dags/fakeddit_pipeline.py    307  0.00s             1           0  0.05s           2026-02-11T07:34:07
================================================================================
[2026-02-11T07:35:07.376+0000] {manager.py:879} INFO - 
================================================================================
DAG File Processing Stats

File Path                                 PID  Runtime      # DAGs    # Errors  Last Runtime    Last Run
--------------------------------------  -----  ---------  --------  ----------  --------------  -------------------
/opt/airflow/dags/fakeddit_pipeline.py    312  0.00s             1           0  0.06s           2026-02-11T07:34:37
================================================================================
[2026-02-11T07:35:37.500+0000] {manager.py:879} INFO - 
================================================================================
DAG File Processing Stats

File Path                                 PID  Runtime      # DAGs    # Errors  Last Runtime    Last Run
--------------------------------------  -----  ---------  --------  ----------  --------------  -------------------
/opt/airflow/dags/fakeddit_pipeline.py    317  0.00s             1           0  0.06s           2026-02-11T07:35:07
================================================================================
[2026-02-11T07:36:06.610+0000] {manager.py:738} INFO - Searching for files in /opt/airflow/dags
[2026-02-11T07:36:06.611+0000] {manager.py:741} INFO - There are 1 files in /opt/airflow/dags
[2026-02-11T07:36:07.624+0000] {manager.py:879} INFO - 
================================================================================
DAG File Processing Stats

File Path                                 PID  Runtime      # DAGs    # Errors  Last Runtime    Last Run
--------------------------------------  -----  ---------  --------  ----------  --------------  -------------------
/opt/airflow/dags/fakeddit_pipeline.py    322  0.00s             1           0  0.05s           2026-02-11T07:35:37
================================================================================
[2026-02-11T07:36:37.742+0000] {manager.py:879} INFO - 
================================================================================
DAG File Processing Stats

File Path                                 PID  Runtime      # DAGs    # Errors  Last Runtime    Last Run
--------------------------------------  -----  ---------  --------  ----------  --------------  -------------------
/opt/airflow/dags/fakeddit_pipeline.py    330  0.00s             1           0  0.05s           2026-02-11T07:36:07
================================================================================
[2026-02-11T07:37:07.863+0000] {manager.py:879} INFO - 
================================================================================
DAG File Processing Stats

File Path                                 PID  Runtime      # DAGs    # Errors  Last Runtime    Last Run
--------------------------------------  -----  ---------  --------  ----------  --------------  -------------------
/opt/airflow/dags/fakeddit_pipeline.py    335  0.00s             1           0  0.05s           2026-02-11T07:36:37
================================================================================
[2026-02-11T07:37:37.973+0000] {manager.py:879} INFO - 
================================================================================
DAG File Processing Stats

File Path                                 PID  Runtime      # DAGs    # Errors  Last Runtime    Last Run
--------------------------------------  -----  ---------  --------  ----------  --------------  -------------------
/opt/airflow/dags/fakeddit_pipeline.py    340  0.00s             1           0  0.05s           2026-02-11T07:37:07
================================================================================
[2026-02-11T07:38:08.098+0000] {manager.py:879} INFO - 
================================================================================
DAG File Processing Stats

File Path                                 PID  Runtime      # DAGs    # Errors  Last Runtime    Last Run
--------------------------------------  -----  ---------  --------  ----------  --------------  -------------------
/opt/airflow/dags/fakeddit_pipeline.py    345  0.00s             1           0  0.05s           2026-02-11T07:37:38
================================================================================
[2026-02-11T07:38:38.210+0000] {manager.py:879} INFO - 
================================================================================
DAG File Processing Stats

File Path                                 PID  Runtime      # DAGs    # Errors  Last Runtime    Last Run
--------------------------------------  -----  ---------  --------  ----------  --------------  -------------------
/opt/airflow/dags/fakeddit_pipeline.py    350  0.00s             1           0  0.05s           2026-02-11T07:38:08
================================================================================
[2026-02-11T07:39:08.324+0000] {manager.py:879} INFO - 
================================================================================
DAG File Processing Stats

File Path                                 PID  Runtime      # DAGs    # Errors  Last Runtime    Last Run
--------------------------------------  -----  ---------  --------  ----------  --------------  -------------------
/opt/airflow/dags/fakeddit_pipeline.py    355  0.00s             1           0  0.05s           2026-02-11T07:38:38
================================================================================
[2026-02-11T07:39:38.442+0000] {manager.py:879} INFO - 
================================================================================
DAG File Processing Stats

File Path                                 PID  Runtime      # DAGs    # Errors  Last Runtime    Last Run
--------------------------------------  -----  ---------  --------  ----------  --------------  -------------------
/opt/airflow/dags/fakeddit_pipeline.py    360  0.00s             1           0  0.05s           2026-02-11T07:39:08
================================================================================
[2026-02-11T07:40:08.563+0000] {manager.py:879} INFO - 
================================================================================
DAG File Processing Stats

File Path                                 PID  Runtime      # DAGs    # Errors  Last Runtime    Last Run
--------------------------------------  -----  ---------  --------  ----------  --------------  -------------------
/opt/airflow/dags/fakeddit_pipeline.py    365  0.00s             1           0  0.05s           2026-02-11T07:39:38
================================================================================
[2026-02-11T07:40:38.681+0000] {manager.py:879} INFO - 
================================================================================
DAG File Processing Stats

File Path                                 PID  Runtime      # DAGs    # Errors  Last Runtime    Last Run
--------------------------------------  -----  ---------  --------  ----------  --------------  -------------------
/opt/airflow/dags/fakeddit_pipeline.py    370  0.00s             1           0  0.05s           2026-02-11T07:40:08
================================================================================
[2026-02-11T07:41:23.918+0000] {manager.py:469} INFO - Processing files using up to 2 processes at a time 
[2026-02-11T07:41:23.918+0000] {manager.py:470} INFO - Process each file at most once every 30 seconds
[2026-02-11T07:41:23.919+0000] {manager.py:471} INFO - Checking for new files in /opt/airflow/dags every 300 seconds
[2026-02-11T07:41:23.919+0000] {manager.py:738} INFO - Searching for files in /opt/airflow/dags
[2026-02-11T07:41:23.920+0000] {manager.py:741} INFO - There are 1 files in /opt/airflow/dags
[2026-02-11T07:41:23.960+0000] {manager.py:879} INFO - 
================================================================================
DAG File Processing Stats

File Path                                 PID  Runtime      # DAGs    # Errors  Last Runtime    Last Run
--------------------------------------  -----  ---------  --------  ----------  --------------  ----------
/opt/airflow/dags/fakeddit_pipeline.py    237  0.02s             0           0
================================================================================
[2026-02-11T07:41:54.062+0000] {manager.py:879} INFO - 
================================================================================
DAG File Processing Stats

File Path                               PID    Runtime      # DAGs    # Errors  Last Runtime    Last Run
--------------------------------------  -----  ---------  --------  ----------  --------------  -------------------
/opt/airflow/dags/fakeddit_pipeline.py                           1           0  0.13s           2026-02-11T07:41:24
================================================================================
[2026-02-11T07:42:24.243+0000] {manager.py:879} INFO - 
================================================================================
DAG File Processing Stats

File Path                                 PID  Runtime      # DAGs    # Errors  Last Runtime    Last Run
--------------------------------------  -----  ---------  --------  ----------  --------------  -------------------
/opt/airflow/dags/fakeddit_pipeline.py    278  0.00s             1           0  0.05s           2026-02-11T07:41:54
================================================================================
[2026-02-11T07:42:54.382+0000] {manager.py:879} INFO - 
================================================================================
DAG File Processing Stats

File Path                                 PID  Runtime      # DAGs    # Errors  Last Runtime    Last Run
--------------------------------------  -----  ---------  --------  ----------  --------------  -------------------
/opt/airflow/dags/fakeddit_pipeline.py    283  0.00s             1           0  0.05s           2026-02-11T07:42:24
================================================================================
[2026-02-11T07:43:24.504+0000] {manager.py:879} INFO - 
================================================================================
DAG File Processing Stats

File Path                                 PID  Runtime      # DAGs    # Errors  Last Runtime    Last Run
--------------------------------------  -----  ---------  --------  ----------  --------------  -------------------
/opt/airflow/dags/fakeddit_pipeline.py    289  0.00s             1           0  0.05s           2026-02-11T07:42:54
================================================================================
[2026-02-11T07:43:54.620+0000] {manager.py:879} INFO - 
================================================================================
DAG File Processing Stats

File Path                                 PID  Runtime      # DAGs    # Errors  Last Runtime    Last Run
--------------------------------------  -----  ---------  --------  ----------  --------------  -------------------
/opt/airflow/dags/fakeddit_pipeline.py    295  0.00s             1           0  0.05s           2026-02-11T07:43:24
================================================================================
[2026-02-11T07:44:24.742+0000] {manager.py:879} INFO - 
================================================================================
DAG File Processing Stats

File Path                                 PID  Runtime      # DAGs    # Errors  Last Runtime    Last Run
--------------------------------------  -----  ---------  --------  ----------  --------------  -------------------
/opt/airflow/dags/fakeddit_pipeline.py    300  0.00s             1           0  0.05s           2026-02-11T07:43:54
================================================================================
[2026-02-11T07:44:54.860+0000] {manager.py:879} INFO - 
================================================================================
DAG File Processing Stats

File Path                                 PID  Runtime      # DAGs    # Errors  Last Runtime    Last Run
--------------------------------------  -----  ---------  --------  ----------  --------------  -------------------
/opt/airflow/dags/fakeddit_pipeline.py    305  0.00s             1           0  0.05s           2026-02-11T07:44:24
================================================================================
[2026-02-11T07:45:24.972+0000] {manager.py:879} INFO - 
================================================================================
DAG File Processing Stats

File Path                                 PID  Runtime      # DAGs    # Errors  Last Runtime    Last Run
--------------------------------------  -----  ---------  --------  ----------  --------------  -------------------
/opt/airflow/dags/fakeddit_pipeline.py    310  0.00s             1           0  0.05s           2026-02-11T07:44:54
================================================================================
[2026-02-11T07:45:55.094+0000] {manager.py:879} INFO - 
================================================================================
DAG File Processing Stats

File Path                                 PID  Runtime      # DAGs    # Errors  Last Runtime    Last Run
--------------------------------------  -----  ---------  --------  ----------  --------------  -------------------
/opt/airflow/dags/fakeddit_pipeline.py    315  0.00s             1           0  0.05s           2026-02-11T07:45:25
================================================================================
[2026-02-11T07:46:24.202+0000] {manager.py:738} INFO - Searching for files in /opt/airflow/dags
[2026-02-11T07:46:24.203+0000] {manager.py:741} INFO - There are 1 files in /opt/airflow/dags
[2026-02-11T07:46:25.216+0000] {manager.py:879} INFO - 
================================================================================
DAG File Processing Stats

File Path                                 PID  Runtime      # DAGs    # Errors  Last Runtime    Last Run
--------------------------------------  -----  ---------  --------  ----------  --------------  -------------------
/opt/airflow/dags/fakeddit_pipeline.py    320  0.00s             1           0  0.05s           2026-02-11T07:45:55
================================================================================
[2026-02-11T07:46:55.334+0000] {manager.py:879} INFO - 
================================================================================
DAG File Processing Stats

File Path                                 PID  Runtime      # DAGs    # Errors  Last Runtime    Last Run
--------------------------------------  -----  ---------  --------  ----------  --------------  -------------------
/opt/airflow/dags/fakeddit_pipeline.py    325  0.00s             1           0  0.06s           2026-02-11T07:46:25
================================================================================
[2026-02-11T07:47:25.460+0000] {manager.py:879} INFO - 
================================================================================
DAG File Processing Stats

File Path                                 PID  Runtime      # DAGs    # Errors  Last Runtime    Last Run
--------------------------------------  -----  ---------  --------  ----------  --------------  -------------------
/opt/airflow/dags/fakeddit_pipeline.py    330  0.00s             1           0  0.06s           2026-02-11T07:46:55
================================================================================
[2026-02-11T07:47:55.579+0000] {manager.py:879} INFO - 
================================================================================
DAG File Processing Stats

File Path                                 PID  Runtime      # DAGs    # Errors  Last Runtime    Last Run
--------------------------------------  -----  ---------  --------  ----------  --------------  -------------------
/opt/airflow/dags/fakeddit_pipeline.py    335  0.00s             1           0  0.05s           2026-02-11T07:47:25
================================================================================
[2026-02-11T07:48:25.692+0000] {manager.py:879} INFO - 
================================================================================
DAG File Processing Stats

File Path                                 PID  Runtime      # DAGs    # Errors  Last Runtime    Last Run
--------------------------------------  -----  ---------  --------  ----------  --------------  -------------------
/opt/airflow/dags/fakeddit_pipeline.py    340  0.00s             1           0  0.05s           2026-02-11T07:47:55
================================================================================
[2026-02-11T07:48:55.803+0000] {manager.py:879} INFO - 
================================================================================
DAG File Processing Stats

File Path                                 PID  Runtime      # DAGs    # Errors  Last Runtime    Last Run
--------------------------------------  -----  ---------  --------  ----------  --------------  -------------------
/opt/airflow/dags/fakeddit_pipeline.py    345  0.00s             1           0  0.05s           2026-02-11T07:48:25
================================================================================
[2026-02-11T07:49:25.920+0000] {manager.py:879} INFO - 
================================================================================
DAG File Processing Stats

File Path                                 PID  Runtime      # DAGs    # Errors  Last Runtime    Last Run
--------------------------------------  -----  ---------  --------  ----------  --------------  -------------------
/opt/airflow/dags/fakeddit_pipeline.py    350  0.00s             1           0  0.05s           2026-02-11T07:48:55
================================================================================
[2026-02-11T07:51:05.243+0000] {manager.py:469} INFO - Processing files using up to 2 processes at a time 
[2026-02-11T07:51:05.244+0000] {manager.py:470} INFO - Process each file at most once every 30 seconds
[2026-02-11T07:51:05.244+0000] {manager.py:471} INFO - Checking for new files in /opt/airflow/dags every 300 seconds
[2026-02-11T07:51:05.244+0000] {manager.py:738} INFO - Searching for files in /opt/airflow/dags
[2026-02-11T07:51:05.245+0000] {manager.py:741} INFO - There are 1 files in /opt/airflow/dags
[2026-02-11T07:51:05.316+0000] {manager.py:879} INFO - 
================================================================================
DAG File Processing Stats

File Path                                 PID  Runtime      # DAGs    # Errors  Last Runtime    Last Run
--------------------------------------  -----  ---------  --------  ----------  --------------  ----------
/opt/airflow/dags/fakeddit_pipeline.py    237  0.03s             0           0
================================================================================
[2026-02-11T07:51:35.465+0000] {manager.py:879} INFO - 
================================================================================
DAG File Processing Stats

File Path                                 PID  Runtime      # DAGs    # Errors  Last Runtime    Last Run
--------------------------------------  -----  ---------  --------  ----------  --------------  -------------------
/opt/airflow/dags/fakeddit_pipeline.py    273  0.00s             1           0  0.10s           2026-02-11T07:51:05
================================================================================
[2026-02-11T07:52:05.622+0000] {manager.py:879} INFO - 
================================================================================
DAG File Processing Stats

File Path                                 PID  Runtime      # DAGs    # Errors  Last Runtime    Last Run
--------------------------------------  -----  ---------  --------  ----------  --------------  -------------------
/opt/airflow/dags/fakeddit_pipeline.py    278  0.00s             1           0  0.10s           2026-02-11T07:51:35
================================================================================
[2026-02-11T07:52:35.801+0000] {manager.py:879} INFO - 
================================================================================
DAG File Processing Stats

File Path                                 PID  Runtime      # DAGs    # Errors  Last Runtime    Last Run
--------------------------------------  -----  ---------  --------  ----------  --------------  -------------------
/opt/airflow/dags/fakeddit_pipeline.py    283  0.00s             1           0  0.06s           2026-02-11T07:52:05
================================================================================
[2026-02-11T07:53:05.920+0000] {manager.py:879} INFO - 
================================================================================
DAG File Processing Stats

File Path                                 PID  Runtime      # DAGs    # Errors  Last Runtime    Last Run
--------------------------------------  -----  ---------  --------  ----------  --------------  -------------------
/opt/airflow/dags/fakeddit_pipeline.py    288  0.00s             1           0  0.06s           2026-02-11T07:52:35
================================================================================
[2026-02-11T07:53:36.047+0000] {manager.py:879} INFO - 
================================================================================
DAG File Processing Stats

File Path                                 PID  Runtime      # DAGs    # Errors  Last Runtime    Last Run
--------------------------------------  -----  ---------  --------  ----------  --------------  -------------------
/opt/airflow/dags/fakeddit_pipeline.py    293  0.00s             1           0  0.05s           2026-02-11T07:53:05
================================================================================
[2026-02-11T07:54:06.158+0000] {manager.py:879} INFO - 
================================================================================
DAG File Processing Stats

File Path                                 PID  Runtime      # DAGs    # Errors  Last Runtime    Last Run
--------------------------------------  -----  ---------  --------  ----------  --------------  -------------------
/opt/airflow/dags/fakeddit_pipeline.py    298  0.00s             1           0  0.06s           2026-02-11T07:53:36
================================================================================
[2026-02-11T07:54:36.279+0000] {manager.py:879} INFO - 
================================================================================
DAG File Processing Stats

File Path                                 PID  Runtime      # DAGs    # Errors  Last Runtime    Last Run
--------------------------------------  -----  ---------  --------  ----------  --------------  -------------------
/opt/airflow/dags/fakeddit_pipeline.py    303  0.00s             1           0  0.05s           2026-02-11T07:54:06
================================================================================
[2026-02-11T07:58:51.435+0000] {manager.py:469} INFO - Processing files using up to 2 processes at a time 
[2026-02-11T07:58:51.436+0000] {manager.py:470} INFO - Process each file at most once every 30 seconds
[2026-02-11T07:58:51.436+0000] {manager.py:471} INFO - Checking for new files in /opt/airflow/dags every 300 seconds
[2026-02-11T07:58:51.436+0000] {manager.py:738} INFO - Searching for files in /opt/airflow/dags
[2026-02-11T07:58:51.438+0000] {manager.py:741} INFO - There are 1 files in /opt/airflow/dags
[2026-02-11T07:58:51.511+0000] {manager.py:879} INFO - 
================================================================================
DAG File Processing Stats

File Path                                 PID  Runtime      # DAGs    # Errors  Last Runtime    Last Run
--------------------------------------  -----  ---------  --------  ----------  --------------  ----------
/opt/airflow/dags/fakeddit_pipeline.py    237  0.03s             0           0
================================================================================
[2026-02-11T07:59:21.632+0000] {manager.py:879} INFO - 
================================================================================
DAG File Processing Stats

File Path                               PID    Runtime      # DAGs    # Errors  Last Runtime    Last Run
--------------------------------------  -----  ---------  --------  ----------  --------------  -------------------
/opt/airflow/dags/fakeddit_pipeline.py                           1           0  0.31s           2026-02-11T07:58:51
================================================================================
[2026-02-11T07:59:52.058+0000] {manager.py:879} INFO - 
================================================================================
DAG File Processing Stats

File Path                                 PID  Runtime      # DAGs    # Errors  Last Runtime    Last Run
--------------------------------------  -----  ---------  --------  ----------  --------------  -------------------
/opt/airflow/dags/fakeddit_pipeline.py    279  0.01s             1           0  0.12s           2026-02-11T07:59:22
================================================================================
[2026-02-11T08:00:22.180+0000] {manager.py:879} INFO - 
================================================================================
DAG File Processing Stats

File Path                                 PID  Runtime      # DAGs    # Errors  Last Runtime    Last Run
--------------------------------------  -----  ---------  --------  ----------  --------------  -------------------
/opt/airflow/dags/fakeddit_pipeline.py    284  0.00s             1           0  0.07s           2026-02-11T07:59:52
================================================================================
[2026-02-11T08:00:52.323+0000] {manager.py:879} INFO - 
================================================================================
DAG File Processing Stats

File Path                                 PID  Runtime      # DAGs    # Errors  Last Runtime    Last Run
--------------------------------------  -----  ---------  --------  ----------  --------------  -------------------
/opt/airflow/dags/fakeddit_pipeline.py    289  0.00s             1           0  0.05s           2026-02-11T08:00:22
================================================================================
[2026-02-11T08:01:22.446+0000] {manager.py:879} INFO - 
================================================================================
DAG File Processing Stats

File Path                                 PID  Runtime      # DAGs    # Errors  Last Runtime    Last Run
--------------------------------------  -----  ---------  --------  ----------  --------------  -------------------
/opt/airflow/dags/fakeddit_pipeline.py    294  0.00s             1           0  0.05s           2026-02-11T08:00:52
================================================================================
[2026-02-11T08:01:22.457+0000] {manager.py:1017} ERROR - Processor for /opt/airflow/dags/fakeddit_pipeline.py exited with return code 1.
